********************************************************************************
DUPLICATOR-LITE PACKAGE-LOG: September 2, 2021 5:26 pm
NOTICE: Do NOT post to public sites or forums 
********************************************************************************
VERSION:	1.4.2
WORDPRESS:	5.8
PHP INFO:	7.3.29 | SAPI: apache2handler
SERVER:		Apache/2.4.48 (Win64) OpenSSL/1.1.1k PHP/7.3.29 
PHP TIME LIMIT: (0) no time limit imposed 
PHP MAX MEMORY: 4294967296 (512M default) 
MEMORY STACK: 8MB

********************************************************************************
DATABASE:
********************************************************************************
BUILD MODE:   MYSQLDUMP
MYSQLTIMEOUT: 5000
MYSQLDUMP:    Is Supported
SQL CREATED: 20210902_swiddly_f6b29441cb8659608274_20210902172328_database.sql
SQL FILE SIZE: 3.81MB (3989923)
SQL FILE TIME: 2021-09-02 17:27:03
SQL RUNTIME: 8.77 sec.

********************************************************************************
ARCHIVE (ZIP):
********************************************************************************
ARCHIVE DIR:  C:/xampp/htdocs/wordpress-5.8/wordpress
ARCHIVE FILE: 20210902_swiddly_f6b29441cb8659608274_20210902172328_archive.zip
FILTERS: *ON*
DIRS:
	C:/xampp/htdocs/wordpress-5.8/wordpress/wp-content/plugins/mailpoet/assets/dist/js
FILES:
	C:/xampp/htdocs/wordpress-5.8/wordpress/wp-content/uploads/2021/08/backpack-with-school-supplies-white-background.jpg
	C:/xampp/htdocs/wordpress-5.8/wordpress/wp-content/uploads/2021/09/Slider-1.png
	C:/xampp/htdocs/wordpress-5.8/wordpress/wp-content/uploads/2021/09/Slider.png
EXTS:  not set
----------------------------------------
COMPRESSING
SIZE:	258.49MB
STATS:	Dirs 3,462 | Files 22,397
SQL ADDED: 20210902_swiddly_f6b29441cb8659608274_20210902172328_database.sql
ZipArchive Object
(
    [status] => 0
    [statusSys] => 0
    [numFiles] => 25859
    [filename] => C:\xampp\htdocs\wordpress-5.8\wordpress\wp-content\backups-dup-lite\tmp\20210902_swiddly_f6b29441cb8659608274_20210902172328_archive.zip
    [comment] => 
)

FILE ADDED TO ZIP: 25858
[PHP ERR][WARN] MSG:ZipArchive::close(): Read error: No such file or directory [CODE:2|FILE:C:\xampp\htdocs\wordpress-5.8\wordpress\wp-content\plugins\duplicator\classes\package\class.pack.archive.zip.php|LINE:205]
do_action('wp_ajax_duplicator_package_build'), WP_Hook->do_action, WP_Hook->apply_filters, duplicator_package_build, DUP_Package->runZipBuild, DUP_Archive->build, DUP_Zip::create, ZipArchive->close, DUP_Handler::error, DUP_Handler::getMessage

==================================================================================
DUPLICATOR ERROR
Please try again! If the error persists see the Duplicator 'Help' menu.
---------------------------------------------------------------------------------
MESSAGE:
	ZipArchive close failure.
DETAILS:
	The ZipArchive engine is having issues zipping up the files on this server. For more details visit the FAQ
I'm getting a ZipArchive close failure when building. How can I resolve this?
[https://snapcreek.com/duplicator/docs/faqs-tech/#faq-package-165-q]
TRACE:
	 1. class.pack.archive.zip.php : error (214)
	 2. class.pack.archive.php : create (105)
	 3. class.pack.php : build (1318)
	 4. ctrl.package.php : runZipBuild (98)
	 5. class-wp-hook.php : duplicator_package_build (303)
	 6. class-wp-hook.php : apply_filters (327)
	 7. plugin.php : do_action (470)
	 8. admin-ajax.php : do_action (187)
==================================================================================

building installer
add_extra_files1
add_extra_files2
add_extra_files3
add_extra_files4
Doing archive file check
add_extra_files5
add_extra_files6
add_extra_files8
Successfully opened zip C:/xampp/htdocs/wordpress-5.8/wordpress/wp-content/backups-dup-lite/tmp/20210902_swiddly_f6b29441cb8659608274_20210902172328_archive.zip
Adding enhanced installer files to archive using ZipArchive
Installer files added to archive
Added to archive
After ziparchive close when adding installer

********************************************************************************
INTEGRITY CHECKS:
********************************************************************************
SQL FILE: 3.81MB
INSTALLER FILE: 64.25KB
ARCHIVE FILE: 2.08MB 
EXPECTED FILE/DIRECTORY COUNT: 25,859
ACTUAL FILE/DIRECTORY COUNT: 25,858
ARCHIVE CONSISTENCY TEST: Pass

********************************************************************************
RECORD ID:[2]
TOTAL PROCESS RUNTIME: 27.17 sec.
PEAK PHP MEMORY USED: 18MB
DONE PROCESSING => 20210902_swiddly September 2, 2021 5:27 pm

